[debug] [2023-04-10T17:01:28.112Z] ----------------------------------------------------------------------
[debug] [2023-04-10T17:01:28.114Z] Command:       C:\Program Files\nodejs\node.exe C:\Users\dante\AppData\Roaming\npm\node_modules\firebase-tools\lib\bin\firebase.js init
[debug] [2023-04-10T17:01:28.114Z] CLI Version:   11.25.1
[debug] [2023-04-10T17:01:28.115Z] Platform:      win32
[debug] [2023-04-10T17:01:28.115Z] Node Version:  v18.15.0
[debug] [2023-04-10T17:01:28.116Z] Time:          Mon Apr 10 2023 19:01:28 GMT+0200 (heure d’été d’Europe centrale)
[debug] [2023-04-10T17:01:28.116Z] ----------------------------------------------------------------------
[debug] 
[debug] [2023-04-10T17:01:28.125Z] >>> [apiv2][query] GET https://firebase-public.firebaseio.com/cli.json [none]
[debug] [2023-04-10T17:01:28.245Z] > command requires scopes: ["email","openid","https://www.googleapis.com/auth/cloudplatformprojects.readonly","https://www.googleapis.com/auth/firebase","https://www.googleapis.com/auth/cloud-platform"]
[debug] [2023-04-10T17:01:28.245Z] > authorizing via signed-in user (romildcopol@gmail.com)
[info] 
     ######## #### ########  ######## ########     ###     ######  ########
     ##        ##  ##     ## ##       ##     ##  ##   ##  ##       ##
     ######    ##  ########  ######   ########  #########  ######  ######
     ##        ##  ##    ##  ##       ##     ## ##     ##       ## ##
     ##       #### ##     ## ######## ########  ##     ##  ######  ########

You're about to initialize a Firebase project in this directory:

  C:\xampp\htdocs\restaurant-app

Before we get started, keep in mind:

  * You are currently outside your home directory
  * You are initializing within an existing Firebase project directory

[debug] [2023-04-10T17:01:29.116Z] <<< [apiv2][status] GET https://firebase-public.firebaseio.com/cli.json 200
[debug] [2023-04-10T17:01:29.117Z] <<< [apiv2][body] GET https://firebase-public.firebaseio.com/cli.json {"cloudBuildErrorAfter":1594252800000,"cloudBuildWarnAfter":1590019200000,"defaultNode10After":1594252800000,"minVersion":"3.0.5","node8DeploysDisabledAfter":1613390400000,"node8RuntimeDisabledAfter":1615809600000,"node8WarnAfter":1600128000000}
